Ectelion abojchevski
  -> Overlapping:  Dataset(35 documents and 476 entities (['e_2: Counter({0: 408, 1: 58, 2: 10})']))
# class	tp	fp	fn	fp_ov	fn_ov	e|P	e|R	e|F	e|F_SE	o|P	o|R	o|F	o|F_SE
0	354	88	54	72	41	0.8009	0.8676	0.8329	0.0039	0.9669	0.9729	0.9699	0.0012
1	24	37	34	20	18	0.3934	0.4138	0.4034	0.0070	0.7848	0.7949	0.7898	0.0082
2	7	9	3	4	3	0.4375	0.7000	0.5385	0.0132	0.7368	1.0000	0.8485	0.0129
TOTAL	385	134	91	96	62	0.7418	0.8088	0.7739	0.0030	0.9346	0.9493	0.9419	0.0016

Ectelion sanjeevkrn
  -> Overlapping:  Dataset(35 documents and 476 entities (['e_2: Counter({0: 408, 1: 58, 2: 10})']))
# class	tp	fp	fn	fp_ov	fn_ov	e|P	e|R	e|F	e|F_SE	o|P	o|R	o|F	o|F_SE
0	343	92	65	87	43	0.7885	0.8407	0.8138	0.0045	0.9895	0.9556	0.9723	0.0007
1	13	33	45	26	18	0.2826	0.2241	0.2500	0.0065	0.8906	0.6786	0.7703	0.0069
2	1	8	9	6	6	0.1111	0.1000	0.1053	0.0071	0.8667	0.8125	0.8387	0.0164
TOTAL	357	133	119	119	67	0.7286	0.7500	0.7391	0.0040	0.9749	0.9126	0.9427	0.0008

Ectelion Shpendi
  -> Overlapping:  Dataset(35 documents and 476 entities (['e_2: Counter({0: 408, 1: 58, 2: 10})']))
# class	tp	fp	fn	fp_ov	fn_ov	e|P	e|R	e|F	e|F_SE	o|P	o|R	o|F	o|F_SE
0	286	78	122	68	36	0.7857	0.7010	0.7409	0.0079	0.9750	0.8193	0.8904	0.0029
1	24	35	34	19	19	0.4068	0.4138	0.4103	0.0064	0.7949	0.8052	0.8000	0.0065
2	4	14	6	5	4	0.2222	0.4000	0.2857	0.0116	0.5909	0.8667	0.7027	0.0139
TOTAL	314	127	162	92	59	0.7120	0.6597	0.6848	0.0064	0.9300	0.8187	0.8708	0.0025

abojchevski Ectelion
  -> Overlapping:  Dataset(37 documents and 686 entities (['e_2: Counter({0: 593, 1: 81, 2: 12})']))
# class	tp	fp	fn	fp_ov	fn_ov	e|P	e|R	e|F	e|F_SE	o|P	o|R	o|F	o|F_SE
0	480	66	113	48	96	0.8791	0.8094	0.8428	0.0034	0.9720	0.9735	0.9727	0.0011
1	33	34	48	26	27	0.4925	0.4074	0.4459	0.0060	0.9149	0.8037	0.8557	0.0032
2	7	5	5	3	3	0.5833	0.5833	0.5833	0.0125	0.8667	0.8667	0.8667	0.0124
TOTAL	520	105	166	77	126	0.8320	0.7580	0.7933	0.0029	0.9627	0.9476	0.9551	0.0011

abojchevski sanjeevkrn
  -> Overlapping:  Dataset(37 documents and 686 entities (['e_2: Counter({0: 593, 1: 81, 2: 12})']))
# class	tp	fp	fn	fp_ov	fn_ov	e|P	e|R	e|F	e|F_SE	o|P	o|R	o|F	o|F_SE
0	549	66	44	28	16	0.8927	0.9258	0.9089	0.0030	0.9398	0.9549	0.9473	0.0017
1	28	20	53	14	11	0.5833	0.3457	0.4341	0.0063	0.8983	0.5579	0.6883	0.0066
2	1	8	11	7	7	0.1111	0.0833	0.0952	0.0073	0.9375	0.7895	0.8571	0.0156
TOTAL	578	94	108	49	34	0.8601	0.8426	0.8513	0.0030	0.9363	0.8993	0.9174	0.0016

abojchevski Shpendi
  -> Overlapping:  Dataset(37 documents and 686 entities (['e_2: Counter({0: 593, 1: 81, 2: 12})']))
# class	tp	fp	fn	fp_ov	fn_ov	e|P	e|R	e|F	e|F_SE	o|P	o|R	o|F	o|F_SE
0	477	52	116	23	29	0.9017	0.8044	0.8503	0.0027	0.9480	0.8588	0.9012	0.0026
1	28	40	53	24	25	0.4118	0.3457	0.3758	0.0042	0.8280	0.7333	0.7778	0.0051
2	4	8	8	2	2	0.3333	0.3333	0.3333	0.0120	0.5714	0.5714	0.5714	0.0135
TOTAL	509	100	177	49	56	0.8358	0.7420	0.7861	0.0024	0.9233	0.8354	0.8771	0.0026

sanjeevkrn Ectelion
  -> Overlapping:  Dataset(37 documents and 672 entities (['e_2: Counter({0: 618, 1: 50, 2: 4})']))
# class	tp	fp	fn	fp_ov	fn_ov	e|P	e|R	e|F	e|F_SE	o|P	o|R	o|F	o|F_SE
0	468	88	150	60	122	0.8417	0.7573	0.7973	0.0038	0.9587	0.9587	0.9587	0.0016
1	21	39	29	14	22	0.3500	0.4200	0.3818	0.0066	0.6951	0.8906	0.7808	0.0058
2	3	6	1	1	1	0.3333	0.7500	0.4615	0.0133	0.5000	1.0000	0.6667	0.0159
TOTAL	492	133	180	75	145	0.7872	0.7321	0.7587	0.0035	0.9247	0.9531	0.9387	0.0013

sanjeevkrn abojchevski
  -> Overlapping:  Dataset(37 documents and 672 entities (['e_2: Counter({0: 618, 1: 50, 2: 4})']))
# class	tp	fp	fn	fp_ov	fn_ov	e|P	e|R	e|F	e|F_SE	o|P	o|R	o|F	o|F_SE
0	549	47	69	19	31	0.9211	0.8883	0.9044	0.0031	0.9553	0.9403	0.9478	0.0017
1	28	55	22	13	16	0.3373	0.5600	0.4211	0.0062	0.5758	0.9048	0.7037	0.0063
2	1	6	3	2	2	0.1429	0.2500	0.1818	0.0090	0.5556	0.8333	0.6667	0.0167
TOTAL	578	108	94	34	49	0.8426	0.8601	0.8513	0.0030	0.8993	0.9363	0.9174	0.0016

sanjeevkrn Shpendi
  -> Overlapping:  Dataset(37 documents and 672 entities (['e_2: Counter({0: 618, 1: 50, 2: 4})']))
# class	tp	fp	fn	fp_ov	fn_ov	e|P	e|R	e|F	e|F_SE	o|P	o|R	o|F	o|F_SE
0	480	48	138	32	50	0.9091	0.7767	0.8377	0.0028	0.9723	0.8646	0.9153	0.0023
1	17	56	33	24	26	0.2329	0.3400	0.2764	0.0051	0.6768	0.9054	0.7746	0.0058
2	2	6	2	1	1	0.2500	0.5000	0.3333	0.0121	0.4444	0.8000	0.5714	0.0153
TOTAL	499	110	173	57	77	0.8194	0.7426	0.7791	0.0026	0.9227	0.8683	0.8947	0.0020

Shpendi Ectelion
  -> Overlapping:  Dataset(35 documents and 441 entities (['e_2: Counter({0: 362, 1: 64, 2: 15})']))
# class	tp	fp	fn	fp_ov	fn_ov	e|P	e|R	e|F	e|F_SE	o|P	o|R	o|F	o|F_SE
0	286	120	76	34	66	0.7044	0.7901	0.7448	0.0078	0.8178	0.9747	0.8894	0.0029
1	24	38	40	23	24	0.3871	0.3750	0.3810	0.0063	0.8256	0.8161	0.8208	0.0053
2	4	4	11	2	2	0.5000	0.2667	0.3478	0.0126	0.8000	0.4706	0.5926	0.0138
TOTAL	314	162	127	59	92	0.6597	0.7120	0.6848	0.0066	0.8187	0.9300	0.8708	0.0025

Shpendi abojchevski
  -> Overlapping:  Dataset(35 documents and 441 entities (['e_2: Counter({0: 362, 1: 64, 2: 15})']))
# class	tp	fp	fn	fp_ov	fn_ov	e|P	e|R	e|F	e|F_SE	o|P	o|R	o|F	o|F_SE
0	349	89	13	3	3	0.7968	0.9641	0.8725	0.0031	0.8050	0.9726	0.8809	0.0031
1	24	44	40	17	17	0.3529	0.3750	0.3636	0.0065	0.6824	0.7160	0.6988	0.0066
2	7	6	8	2	2	0.5385	0.4667	0.5000	0.0139	0.7333	0.6471	0.6875	0.0137
TOTAL	380	139	61	22	22	0.7322	0.8617	0.7917	0.0028	0.7837	0.9158	0.8446	0.0032

Shpendi sanjeevkrn
  -> Overlapping:  Dataset(35 documents and 441 entities (['e_2: Counter({0: 362, 1: 64, 2: 15})']))
# class	tp	fp	fn	fp_ov	fn_ov	e|P	e|R	e|F	e|F_SE	o|P	o|R	o|F	o|F_SE
0	342	100	20	22	10	0.7738	0.9448	0.8507	0.0035	0.8274	0.9740	0.8947	0.0029
1	19	21	45	14	12	0.4750	0.2969	0.3654	0.0062	0.8654	0.5769	0.6923	0.0066
2	3	5	12	5	5	0.3750	0.2000	0.2609	0.0118	1.0000	0.6500	0.7879	0.0144
TOTAL	364	126	77	41	27	0.7429	0.8254	0.7820	0.0033	0.8356	0.8963	0.8649	0.0024



_Total_ overlapping:  Dataset(53 documents and 722 entities (['e_2: Counter({0: 623, 1: 85, 2: 14})'])) , num members pairs:  12

# class	tp	fp	fn	fp_ov	fn_ov	e|P	e|R	e|F	e|F_SE	o|P	o|R	o|F	o|F_SE
0	4963	934	980	496	543	0.8416	0.8351	0.8383	0.0029	0.9320	0.9321	0.9321	0.0013
1	283	452	476	234	235	0.3850	0.3729	0.3788	0.0034	0.7753	0.7573	0.7662	0.0035
2	44	85	79	40	38	0.3411	0.3577	0.3492	0.0062	0.7305	0.7485	0.7394	0.0075
TOTAL	5290	1471	1535	770	816	0.7824	0.7751	0.7787	0.0026	0.9075	0.9053	0.9064	0.0012
