cuhlig abojchevski
  -> Overlapping:  Dataset(30 documents and 117 entities (['e_2: Counter({0: 64, 1: 45, 2: 8})']))
# class	tp	fp	fn	fp_ov	fn_ov	e|P	e|R	e|F	e|F_SE	o|P	o|R	o|F	o|F_SE
0	59	2	5	2	3	0.9672	0.9219	0.9440	0.0114	1.0000	0.9697	0.9846	0.0095
1	27	23	18	14	17	0.5400	0.6000	0.5684	0.0071	0.8657	0.9831	0.9206	0.0036
2	5	4	3	4	3	0.5556	0.6250	0.5882	0.0162	1.0000	1.0000	1.0000	0.0234
TOTAL	91	29	26	20	23	0.7583	0.7778	0.7679	0.0048	0.9371	0.9781	0.9571	0.0020

cuhlig jmcejuela
  -> Overlapping:  Dataset(30 documents and 117 entities (['e_2: Counter({0: 64, 1: 45, 2: 8})']))
# class	tp	fp	fn	fp_ov	fn_ov	e|P	e|R	e|F	e|F_SE	o|P	o|R	o|F	o|F_SE
0	48	13	16	13	15	0.7869	0.7500	0.7680	0.0122	1.0000	0.9870	0.9935	0.0089
1	27	35	18	20	18	0.4355	0.6000	0.5047	0.0067	0.8125	1.0000	0.8966	0.0042
2	7	2	1	2	1	0.7778	0.8750	0.8235	0.0203	1.0000	1.0000	1.0000	0.0230
TOTAL	82	50	35	35	34	0.6212	0.7009	0.6586	0.0061	0.9096	0.9934	0.9497	0.0024

abojchevski cuhlig
  -> Overlapping:  Dataset(30 documents and 120 entities (['e_2: Counter({0: 67, 1: 46, 2: 7})']))
# class	tp	fp	fn	fp_ov	fn_ov	e|P	e|R	e|F	e|F_SE	o|P	o|R	o|F	o|F_SE
0	59	11	8	9	8	0.8429	0.8806	0.8613	0.0109	0.9744	1.0000	0.9870	0.0107
1	27	14	19	13	10	0.6585	0.5870	0.6207	0.0065	0.9804	0.8475	0.9091	0.0043
2	5	1	2	1	2	0.8333	0.7143	0.7692	0.0198	1.0000	1.0000	1.0000	0.0234
TOTAL	91	26	29	23	20	0.7778	0.7583	0.7679	0.0045	0.9781	0.9371	0.9571	0.0022

abojchevski jmcejuela
  -> Overlapping:  Dataset(30 documents and 120 entities (['e_2: Counter({0: 67, 1: 46, 2: 7})']))
# class	tp	fp	fn	fp_ov	fn_ov	e|P	e|R	e|F	e|F_SE	o|P	o|R	o|F	o|F_SE
0	56	15	11	11	11	0.7887	0.8358	0.8116	0.0118	0.9512	1.0000	0.9750	0.0104
1	27	26	19	16	15	0.5094	0.5870	0.5455	0.0068	0.8529	0.9355	0.8923	0.0032
2	7	1	0	0	0	0.8750	1.0000	0.9333	0.0214	0.8750	1.0000	0.9333	0.0221
TOTAL	90	42	30	27	26	0.6818	0.7500	0.7143	0.0066	0.9051	0.9728	0.9377	0.0023

jmcejuela cuhlig
  -> Overlapping:  Dataset(30 documents and 132 entities (['e_2: Counter({0: 70, 1: 51, 2: 11})']))
# class	tp	fp	fn	fp_ov	fn_ov	e|P	e|R	e|F	e|F_SE	o|P	o|R	o|F	o|F_SE
0	48	22	22	21	22	0.6857	0.6857	0.6857	0.0116	0.9891	1.0000	0.9945	0.0097
1	27	11	24	11	9	0.7105	0.5294	0.6067	0.0058	1.0000	0.7581	0.8624	0.0049
2	7	2	4	2	4	0.7778	0.6364	0.7000	0.0173	1.0000	1.0000	1.0000	0.0178
TOTAL	82	35	50	34	35	0.7009	0.6212	0.6586	0.0063	0.9934	0.9096	0.9497	0.0026

jmcejuela abojchevski
  -> Overlapping:  Dataset(30 documents and 132 entities (['e_2: Counter({0: 70, 1: 51, 2: 11})']))
# class	tp	fp	fn	fp_ov	fn_ov	e|P	e|R	e|F	e|F_SE	o|P	o|R	o|F	o|F_SE
0	56	10	14	10	10	0.8485	0.8000	0.8235	0.0115	1.0000	0.9500	0.9744	0.0099
1	27	17	24	13	14	0.6136	0.5294	0.5684	0.0068	0.9310	0.8438	0.8852	0.0035
2	7	3	4	3	3	0.7000	0.6364	0.6667	0.0169	1.0000	0.9286	0.9630	0.0190
TOTAL	90	30	42	26	27	0.7500	0.6818	0.7143	0.0065	0.9728	0.9051	0.9377	0.0023



_Total_ overlapping:  Dataset(30 documents and 117 entities (['e_2: Counter({0: 64, 1: 45, 2: 8})'])) , num members pairs:  6

# class	tp	fp	fn	fp_ov	fn_ov	e|P	e|R	e|F	e|F_SE	o|P	o|R	o|F	o|F_SE
0	326	73	76	66	69	0.8170	0.8109	0.8140	0.0103	0.9850	0.9850	0.9850	0.0088
1	162	126	122	87	83	0.5625	0.5704	0.5664	0.0055	0.8949	0.8949	0.8949	0.0030
2	38	13	14	12	13	0.7451	0.7308	0.7379	0.0169	0.9844	0.9844	0.9844	0.0181
TOTAL	526	212	212	165	165	0.7127	0.7127	0.7127	0.0048	0.9480	0.9480	0.9480	0.0019
